Running ATOM with the following batch command (saved to Atom.batch).
addAnalysis ATLAS_razor_1
addInput /afs/cern.ch/user/l/lmeng/work/MCFiles/events_dm012j_100k_8tev_med644gev_dm100gev.hepmc HepMC
addOutput Atom
launch 

)0[?1049h[1;44r[m[4l[44;1H[?1049l[?1l>Atom.AnalysisHandler: INFO  register Analysis: ATLAS_razor_1
Atom.ReaderHandler: INFO  register Reader: HepMC
Atom.ReaderHandler: INFO  opening event file: /afs/cern.ch/user/l/lmeng/work/MCFiles/events_dm012j_100k_8tev_med644gev_dm100gev.hepmc with Reader: HepMC
Atom.AnalysisHandler: WARN  Analysis 'ATLAS_razor_1' is unvalidated: be careful, it may be broken!
Rivet.Analysis.ATLAS_razor_1: INFO  Running ATLAS_razor_1 with Efficiency=Off, Smearing=Off, BField=Off
Rivet.Analysis.ATLAS_razor_1: INFO  Saving ATLAS_razor_1 with Events=Off, Projections=Off, Kinematics=Off
Finished initialisation
#--------------------------------------------------------------------------
#                         FastJet release 3.0.6
#                 M. Cacciari, G.P. Salam and G. Soyez                  
#     A software package for jet finding and analysis at colliders      
#                           http://fastjet.fr                           
#	                                                                      
# Please cite EPJC72(2012)1896 [arXiv:1111.6097] if you use this package
# for scientific work and optionally PLB641(2006)57 [hep-ph/0512210].   
#                                                                       
# FastJet is provided without warranty under the terms of the GNU GPLv2.
# It uses T. Chan's closest pair algorithm, S. Fortune's Voronoi code
# and 3rd party plugin jet algorithms. See COPYING file for details.
#--------------------------------------------------------------------------
Atom.ReaderHandler: INFO  closing event file with Reader: HepMC
Atom.AnalysisHandler: INFO  Finalising analyses
Rivet.Analysis.ATLAS_razor_1: INFO  Finalizing Analysis
Finalising...
Atom.AnalysisMetadata: INFO  Writing yml file with ATOM run results
Atom.AnalysisHandler: INFO  Writing ROOT file with ATOM run results
Atom.Run: INFO  Processed 23521 events

The MCnet usage guidelines apply to Atom and Rivet: see http://www.montecarlonet.org/GUIDELINES
Please acknowledge results based on Atom analyses, and cite arXiv:14xx.yyyy (http://arxiv.org/abs/14xx.yyyy).
Atom is a fork of Rivet. Please cite Rivet: arXiv:1003.0694 (http://arxiv.org/abs/1003.0694).
Atom.ReaderHandler: INFO  closing event file with Reader: HepMC
